<?xml version="1.0" encoding="UTF-8"?>
<!-- Generated by org.testng.reporters.JUnitXMLReporter -->
<testsuite ignored="0" hostname="LTIN191328" failures="0" tests="14" name="Test" time="188.216" errors="0" timestamp="2024-02-15T12:49:21 IST">
  <testcase classname="testCases.TC_001_CarLoan" name="CarEMICalculator" time="11.532"/>
  <testcase classname="testCases.TC_002_HomeLoan" name="homeEMICalculator" time="6.485"/>
  <testcase classname="testCases.TC_002_HomeLoan" name="getYearOYearData" time="5.642"/>
  <testcase classname="testCases.TC_003_LoanEMICalculator" name="selectEMICalculator" time="2.379"/>
  <testcase classname="testCases.TC_003_LoanEMICalculator" name="textBoxValidation" time="0.378"/>
  <testcase classname="testCases.TC_003_LoanEMICalculator" name="sliderValidation" time="7.072"/>
  <testcase classname="testCases.TC_003_LoanEMICalculator" name="loanTenureValidation" time="1.235"/>
  <testcase classname="testCases.TC_004_LoanAmountCalculator" name="selectLoanAmtCalculator" time="2.525"/>
  <testcase classname="testCases.TC_004_LoanAmountCalculator" name="textBoxValidation" time="0.436"/>
  <testcase classname="testCases.TC_004_LoanAmountCalculator" name="sliderValidation" time="7.262"/>
  <testcase classname="testCases.TC_004_LoanAmountCalculator" name="loanTenureValidation" time="1.304"/>
  <testcase classname="testCases.TC_005_LoanTenureCalculator" name="selectLoanTenureCalculator" time="2.209"/>
  <testcase classname="testCases.TC_005_LoanTenureCalculator" name="textBoxValidation" time="0.393"/>
  <testcase classname="testCases.TC_005_LoanTenureCalculator" name="sliderValidation" time="7.363"/>
</testsuite> <!-- Test -->
