<?xml version="1.0" encoding="UTF-8"?>
<testng-results ignored="0" total="14" passed="14" failed="0" skipped="0">
  <reporter-output>
  </reporter-output>
  <suite started-at="2024-02-15T12:46:10 IST" name="Suite" finished-at="2024-02-15T12:49:18 IST" duration-ms="188216">
    <groups>
      <group name="regression">
        <method signature="TC_002_HomeLoan.homeEMICalculator()[pri:0, instance:testCases.TC_002_HomeLoan@6a6cb05c]" name="homeEMICalculator" class="testCases.TC_002_HomeLoan"/>
        <method signature="TC_002_HomeLoan.getYearOYearData()[pri:0, instance:testCases.TC_002_HomeLoan@6a6cb05c]" name="getYearOYearData" class="testCases.TC_002_HomeLoan"/>
        <method signature="TC_003_LoanEMICalculator.selectEMICalculator()[pri:0, instance:testCases.TC_003_LoanEMICalculator@40a4337a]" name="selectEMICalculator" class="testCases.TC_003_LoanEMICalculator"/>
        <method signature="TC_004_LoanAmountCalculator.selectLoanAmtCalculator()[pri:0, instance:testCases.TC_004_LoanAmountCalculator@6025e1b6]" name="selectLoanAmtCalculator" class="testCases.TC_004_LoanAmountCalculator"/>
        <method signature="TC_005_LoanTenureCalculator.selectLoanTenureCalculator()[pri:0, instance:testCases.TC_005_LoanTenureCalculator@22ff4249]" name="selectLoanTenureCalculator" class="testCases.TC_005_LoanTenureCalculator"/>
        <method signature="TC_003_LoanEMICalculator.textBoxValidation()[pri:1, instance:testCases.TC_003_LoanEMICalculator@40a4337a]" name="textBoxValidation" class="testCases.TC_003_LoanEMICalculator"/>
        <method signature="TC_004_LoanAmountCalculator.textBoxValidation()[pri:1, instance:testCases.TC_004_LoanAmountCalculator@6025e1b6]" name="textBoxValidation" class="testCases.TC_004_LoanAmountCalculator"/>
        <method signature="TC_005_LoanTenureCalculator.textBoxValidation()[pri:1, instance:testCases.TC_005_LoanTenureCalculator@22ff4249]" name="textBoxValidation" class="testCases.TC_005_LoanTenureCalculator"/>
        <method signature="TC_003_LoanEMICalculator.sliderValidation()[pri:2, instance:testCases.TC_003_LoanEMICalculator@40a4337a]" name="sliderValidation" class="testCases.TC_003_LoanEMICalculator"/>
        <method signature="TC_004_LoanAmountCalculator.sliderValidation()[pri:2, instance:testCases.TC_004_LoanAmountCalculator@6025e1b6]" name="sliderValidation" class="testCases.TC_004_LoanAmountCalculator"/>
        <method signature="TC_005_LoanTenureCalculator.sliderValidation()[pri:2, instance:testCases.TC_005_LoanTenureCalculator@22ff4249]" name="sliderValidation" class="testCases.TC_005_LoanTenureCalculator"/>
        <method signature="TC_003_LoanEMICalculator.loanTenureValidation()[pri:3, instance:testCases.TC_003_LoanEMICalculator@40a4337a]" name="loanTenureValidation" class="testCases.TC_003_LoanEMICalculator"/>
        <method signature="TC_004_LoanAmountCalculator.loanTenureValidation()[pri:3, instance:testCases.TC_004_LoanAmountCalculator@6025e1b6]" name="loanTenureValidation" class="testCases.TC_004_LoanAmountCalculator"/>
        <method signature="TC_001_CarLoan.CarEMICalculator()[pri:0, instance:testCases.TC_001_CarLoan@206a70ef]" name="CarEMICalculator" class="testCases.TC_001_CarLoan"/>
      </group> <!-- regression -->
      <group name="smoke">
        <method signature="TC_002_HomeLoan.homeEMICalculator()[pri:0, instance:testCases.TC_002_HomeLoan@6a6cb05c]" name="homeEMICalculator" class="testCases.TC_002_HomeLoan"/>
        <method signature="TC_003_LoanEMICalculator.selectEMICalculator()[pri:0, instance:testCases.TC_003_LoanEMICalculator@40a4337a]" name="selectEMICalculator" class="testCases.TC_003_LoanEMICalculator"/>
        <method signature="TC_004_LoanAmountCalculator.selectLoanAmtCalculator()[pri:0, instance:testCases.TC_004_LoanAmountCalculator@6025e1b6]" name="selectLoanAmtCalculator" class="testCases.TC_004_LoanAmountCalculator"/>
        <method signature="TC_005_LoanTenureCalculator.selectLoanTenureCalculator()[pri:0, instance:testCases.TC_005_LoanTenureCalculator@22ff4249]" name="selectLoanTenureCalculator" class="testCases.TC_005_LoanTenureCalculator"/>
        <method signature="TC_001_CarLoan.CarEMICalculator()[pri:0, instance:testCases.TC_001_CarLoan@206a70ef]" name="CarEMICalculator" class="testCases.TC_001_CarLoan"/>
      </group> <!-- smoke -->
    </groups>
    <test started-at="2024-02-15T12:46:10 IST" name="Test" finished-at="2024-02-15T12:49:18 IST" duration-ms="188216">
      <class name="testCases.TC_001_CarLoan">
        <test-method is-config="true" signature="setup(java.lang.String,java.lang.String)[pri:0, instance:testCases.TC_001_CarLoan@206a70ef]" started-at="2024-02-15T12:46:11 IST" name="setup" finished-at="2024-02-15T12:46:43 IST" duration-ms="31119" status="PASS">
          <params>
            <param index="0">
              <value>
                <![CDATA[chrome]]>
              </value>
            </param>
            <param index="1">
              <value>
                <![CDATA[Windows]]>
              </value>
            </param>
          </params>
          <reporter-output>
          </reporter-output>
        </test-method> <!-- setup -->
        <test-method signature="CarEMICalculator()[pri:0, instance:testCases.TC_001_CarLoan@206a70ef]" started-at="2024-02-15T12:46:43 IST" name="CarEMICalculator" finished-at="2024-02-15T12:46:54 IST" duration-ms="11532" status="PASS">
          <reporter-output>
          </reporter-output>
        </test-method> <!-- CarEMICalculator -->
        <test-method is-config="true" signature="tearDown()[pri:0, instance:testCases.TC_001_CarLoan@206a70ef]" started-at="2024-02-15T12:46:55 IST" name="tearDown" finished-at="2024-02-15T12:46:56 IST" duration-ms="1530" status="PASS">
          <reporter-output>
          </reporter-output>
        </test-method> <!-- tearDown -->
      </class> <!-- testCases.TC_001_CarLoan -->
      <class name="testCases.TC_004_LoanAmountCalculator">
        <test-method is-config="true" signature="setup(java.lang.String,java.lang.String)[pri:0, instance:testCases.TC_004_LoanAmountCalculator@6025e1b6]" started-at="2024-02-15T12:48:07 IST" name="setup" finished-at="2024-02-15T12:48:29 IST" duration-ms="21298" status="PASS">
          <params>
            <param index="0">
              <value>
                <![CDATA[chrome]]>
              </value>
            </param>
            <param index="1">
              <value>
                <![CDATA[Windows]]>
              </value>
            </param>
          </params>
          <reporter-output>
          </reporter-output>
        </test-method> <!-- setup -->
        <test-method signature="selectLoanAmtCalculator()[pri:0, instance:testCases.TC_004_LoanAmountCalculator@6025e1b6]" started-at="2024-02-15T12:48:29 IST" name="selectLoanAmtCalculator" finished-at="2024-02-15T12:48:31 IST" duration-ms="2525" status="PASS">
          <reporter-output>
          </reporter-output>
        </test-method> <!-- selectLoanAmtCalculator -->
        <test-method signature="textBoxValidation()[pri:1, instance:testCases.TC_004_LoanAmountCalculator@6025e1b6]" started-at="2024-02-15T12:48:32 IST" name="textBoxValidation" finished-at="2024-02-15T12:48:32 IST" depends-on-methods="testCases.TC_004_LoanAmountCalculator.selectLoanAmtCalculator" duration-ms="436" status="PASS">
          <reporter-output>
          </reporter-output>
        </test-method> <!-- textBoxValidation -->
        <test-method signature="sliderValidation()[pri:2, instance:testCases.TC_004_LoanAmountCalculator@6025e1b6]" started-at="2024-02-15T12:48:33 IST" name="sliderValidation" finished-at="2024-02-15T12:48:40 IST" depends-on-methods="testCases.TC_004_LoanAmountCalculator.selectLoanAmtCalculator" duration-ms="7262" status="PASS">
          <reporter-output>
          </reporter-output>
        </test-method> <!-- sliderValidation -->
        <test-method signature="loanTenureValidation()[pri:3, instance:testCases.TC_004_LoanAmountCalculator@6025e1b6]" started-at="2024-02-15T12:48:40 IST" name="loanTenureValidation" finished-at="2024-02-15T12:48:41 IST" depends-on-methods="testCases.TC_004_LoanAmountCalculator.selectLoanAmtCalculator" duration-ms="1304" status="PASS">
          <reporter-output>
          </reporter-output>
        </test-method> <!-- loanTenureValidation -->
        <test-method is-config="true" signature="tearDown()[pri:0, instance:testCases.TC_004_LoanAmountCalculator@6025e1b6]" started-at="2024-02-15T12:48:42 IST" name="tearDown" finished-at="2024-02-15T12:48:43 IST" duration-ms="1437" status="PASS">
          <reporter-output>
          </reporter-output>
        </test-method> <!-- tearDown -->
      </class> <!-- testCases.TC_004_LoanAmountCalculator -->
      <class name="testCases.TC_002_HomeLoan">
        <test-method is-config="true" signature="setup(java.lang.String,java.lang.String)[pri:0, instance:testCases.TC_002_HomeLoan@6a6cb05c]" started-at="2024-02-15T12:46:56 IST" name="setup" finished-at="2024-02-15T12:47:16 IST" duration-ms="20284" status="PASS">
          <params>
            <param index="0">
              <value>
                <![CDATA[chrome]]>
              </value>
            </param>
            <param index="1">
              <value>
                <![CDATA[Windows]]>
              </value>
            </param>
          </params>
          <reporter-output>
          </reporter-output>
        </test-method> <!-- setup -->
        <test-method signature="homeEMICalculator()[pri:0, instance:testCases.TC_002_HomeLoan@6a6cb05c]" started-at="2024-02-15T12:47:16 IST" name="homeEMICalculator" finished-at="2024-02-15T12:47:23 IST" duration-ms="6485" status="PASS">
          <reporter-output>
          </reporter-output>
        </test-method> <!-- homeEMICalculator -->
        <test-method signature="getYearOYearData()[pri:0, instance:testCases.TC_002_HomeLoan@6a6cb05c]" started-at="2024-02-15T12:47:23 IST" name="getYearOYearData" finished-at="2024-02-15T12:47:29 IST" depends-on-methods="testCases.TC_002_HomeLoan.homeEMICalculator" duration-ms="5642" status="PASS">
          <reporter-output>
          </reporter-output>
        </test-method> <!-- getYearOYearData -->
        <test-method is-config="true" signature="tearDown()[pri:0, instance:testCases.TC_002_HomeLoan@6a6cb05c]" started-at="2024-02-15T12:47:29 IST" name="tearDown" finished-at="2024-02-15T12:47:31 IST" duration-ms="1530" status="PASS">
          <reporter-output>
          </reporter-output>
        </test-method> <!-- tearDown -->
      </class> <!-- testCases.TC_002_HomeLoan -->
      <class name="testCases.TC_003_LoanEMICalculator">
        <test-method is-config="true" signature="setup(java.lang.String,java.lang.String)[pri:0, instance:testCases.TC_003_LoanEMICalculator@40a4337a]" started-at="2024-02-15T12:47:31 IST" name="setup" finished-at="2024-02-15T12:47:53 IST" duration-ms="22351" status="PASS">
          <params>
            <param index="0">
              <value>
                <![CDATA[chrome]]>
              </value>
            </param>
            <param index="1">
              <value>
                <![CDATA[Windows]]>
              </value>
            </param>
          </params>
          <reporter-output>
          </reporter-output>
        </test-method> <!-- setup -->
        <test-method signature="selectEMICalculator()[pri:0, instance:testCases.TC_003_LoanEMICalculator@40a4337a]" started-at="2024-02-15T12:47:53 IST" name="selectEMICalculator" finished-at="2024-02-15T12:47:56 IST" duration-ms="2379" status="PASS">
          <reporter-output>
          </reporter-output>
        </test-method> <!-- selectEMICalculator -->
        <test-method signature="textBoxValidation()[pri:1, instance:testCases.TC_003_LoanEMICalculator@40a4337a]" started-at="2024-02-15T12:47:56 IST" name="textBoxValidation" finished-at="2024-02-15T12:47:56 IST" depends-on-methods="testCases.TC_003_LoanEMICalculator.selectEMICalculator" duration-ms="378" status="PASS">
          <reporter-output>
          </reporter-output>
        </test-method> <!-- textBoxValidation -->
        <test-method signature="sliderValidation()[pri:2, instance:testCases.TC_003_LoanEMICalculator@40a4337a]" started-at="2024-02-15T12:47:57 IST" name="sliderValidation" finished-at="2024-02-15T12:48:04 IST" depends-on-methods="testCases.TC_003_LoanEMICalculator.selectEMICalculator" duration-ms="7072" status="PASS">
          <reporter-output>
          </reporter-output>
        </test-method> <!-- sliderValidation -->
        <test-method signature="loanTenureValidation()[pri:3, instance:testCases.TC_003_LoanEMICalculator@40a4337a]" started-at="2024-02-15T12:48:04 IST" name="loanTenureValidation" finished-at="2024-02-15T12:48:06 IST" depends-on-methods="testCases.TC_003_LoanEMICalculator.selectEMICalculator" duration-ms="1235" status="PASS">
          <reporter-output>
          </reporter-output>
        </test-method> <!-- loanTenureValidation -->
        <test-method is-config="true" signature="tearDown()[pri:0, instance:testCases.TC_003_LoanEMICalculator@40a4337a]" started-at="2024-02-15T12:48:06 IST" name="tearDown" finished-at="2024-02-15T12:48:07 IST" duration-ms="1432" status="PASS">
          <reporter-output>
          </reporter-output>
        </test-method> <!-- tearDown -->
      </class> <!-- testCases.TC_003_LoanEMICalculator -->
      <class name="testCases.TC_005_LoanTenureCalculator">
        <test-method is-config="true" signature="setup(java.lang.String,java.lang.String)[pri:0, instance:testCases.TC_005_LoanTenureCalculator@22ff4249]" started-at="2024-02-15T12:48:43 IST" name="setup" finished-at="2024-02-15T12:49:05 IST" duration-ms="21864" status="PASS">
          <params>
            <param index="0">
              <value>
                <![CDATA[chrome]]>
              </value>
            </param>
            <param index="1">
              <value>
                <![CDATA[Windows]]>
              </value>
            </param>
          </params>
          <reporter-output>
          </reporter-output>
        </test-method> <!-- setup -->
        <test-method signature="selectLoanTenureCalculator()[pri:0, instance:testCases.TC_005_LoanTenureCalculator@22ff4249]" started-at="2024-02-15T12:49:05 IST" name="selectLoanTenureCalculator" finished-at="2024-02-15T12:49:07 IST" duration-ms="2209" status="PASS">
          <reporter-output>
          </reporter-output>
        </test-method> <!-- selectLoanTenureCalculator -->
        <test-method signature="textBoxValidation()[pri:1, instance:testCases.TC_005_LoanTenureCalculator@22ff4249]" started-at="2024-02-15T12:49:08 IST" name="textBoxValidation" finished-at="2024-02-15T12:49:08 IST" depends-on-methods="testCases.TC_005_LoanTenureCalculator.selectLoanTenureCalculator" duration-ms="393" status="PASS">
          <reporter-output>
          </reporter-output>
        </test-method> <!-- textBoxValidation -->
        <test-method signature="sliderValidation()[pri:2, instance:testCases.TC_005_LoanTenureCalculator@22ff4249]" started-at="2024-02-15T12:49:09 IST" name="sliderValidation" finished-at="2024-02-15T12:49:16 IST" depends-on-methods="testCases.TC_005_LoanTenureCalculator.selectLoanTenureCalculator" duration-ms="7363" status="PASS">
          <reporter-output>
          </reporter-output>
        </test-method> <!-- sliderValidation -->
        <test-method is-config="true" signature="tearDown()[pri:0, instance:testCases.TC_005_LoanTenureCalculator@22ff4249]" started-at="2024-02-15T12:49:16 IST" name="tearDown" finished-at="2024-02-15T12:49:18 IST" duration-ms="1524" status="PASS">
          <reporter-output>
          </reporter-output>
        </test-method> <!-- tearDown -->
      </class> <!-- testCases.TC_005_LoanTenureCalculator -->
    </test> <!-- Test -->
  </suite> <!-- Suite -->
</testng-results>
